This is pdfTeX, Version 3.14159265-2.6-1.40.19 (TeX Live 2019/dev/Debian) (preloaded format=pdflatex 2019.8.6)  21 AUG 2019 15:19
entering extended mode
 restricted \write18 enabled.
 file:line:error style messages enabled.
 %&-line parsing enabled.
**/media/marconi/Jobs/Documentos_HD/UFPE/Cadernos/InfraHARD/CadernoHARD
(/media/marconi/Jobs/Documentos_HD/UFPE/Cadernos/InfraHARD/CadernoHARD.tex
LaTeX2e <2018-12-01>
(/usr/share/texlive/texmf-dist/tex/latex/base/article.cls
Document Class: article 2018/09/03 v1.4i Standard LaTeX document class
(/usr/share/texlive/texmf-dist/tex/latex/base/size12.clo
File: size12.clo 2018/09/03 v1.4i Standard LaTeX file (size option)
)
\c@part=\count80
\c@section=\count81
\c@subsection=\count82
\c@subsubsection=\count83
\c@paragraph=\count84
\c@subparagraph=\count85
\c@figure=\count86
\c@table=\count87
\abovecaptionskip=\skip41
\belowcaptionskip=\skip42
\bibindent=\dimen102
) (/usr/share/texlive/texmf-dist/tex/latex/geometry/geometry.sty
Package: geometry 2018/04/16 v5.8 Page Geometry
 (/usr/share/texlive/texmf-dist/tex/latex/graphics/keyval.sty
Package: keyval 2014/10/28 v1.15 key=value parser (DPC)
\KV@toks@=\toks14
) (/usr/share/texlive/texmf-dist/tex/generic/oberdiek/ifpdf.sty
Package: ifpdf 2018/09/07 v3.3 Provides the ifpdf switch
) (/usr/share/texlive/texmf-dist/tex/generic/oberdiek/ifvtex.sty
Package: ifvtex 2016/05/16 v1.6 Detect VTeX and its facilities (HO)
Package ifvtex Info: VTeX not detected.
) (/usr/share/texlive/texmf-dist/tex/generic/ifxetex/ifxetex.sty
Package: ifxetex 2010/09/12 v0.6 Provides ifxetex conditional
)
\Gm@cnth=\count88
\Gm@cntv=\count89
\c@Gm@tempcnt=\count90
\Gm@bindingoffset=\dimen103
\Gm@wd@mp=\dimen104
\Gm@odd@mp=\dimen105
\Gm@even@mp=\dimen106
\Gm@layoutwidth=\dimen107
\Gm@layoutheight=\dimen108
\Gm@layouthoffset=\dimen109
\Gm@layoutvoffset=\dimen110
\Gm@dimlist=\toks15
) (/usr/share/texlive/texmf-dist/tex/generic/babel/babel.sty
Package: babel 2018/11/13 3.27 The Babel package
 (/usr/share/texlive/texmf-dist/tex/generic/babel/switch.def
File: switch.def 2018/11/13 3.27 Babel switching mechanism
)

/usr/share/texlive/texmf-dist/tex/generic/babel/babel.sty:469: Package babel Error: Unknown option `brazilian'. Either you misspelled it
(babel)                or the language definition file brazilian.ldf was not found.

See the babel package documentation for explanation.
Type  H <return>  for immediate help.
 ...                                              
                                                  
l.469 \ProcessOptions*
                      
Valid options are: shorthands=, KeepShorthandsActive,
activeacute, activegrave, noconfigs, safe=, main=, math=
headfoot=, strings=, config=, hyphenmap=, or a language name.

Package babel Info: You haven't specified a language. I'll use 'nil'
(babel)             as the main language. Reported on input line 499.
(/usr/share/texlive/texmf-dist/tex/generic/babel/nil.ldf
Language: nil 2018/11/13 3.27 Nil language
 (/usr/share/texlive/texmf-dist/tex/generic/babel/babel.def
File: babel.def 2018/11/13 3.27 Babel common definitions
\babel@savecnt=\count91
\U@D=\dimen111
 (/usr/share/texlive/texmf-dist/tex/generic/babel/txtbabel.def)
\bbl@dirlevel=\count92
))) (/usr/share/texlive/texmf-dist/tex/latex/base/inputenc.sty
Package: inputenc 2018/08/11 v1.3c Input encoding file
\inpenc@prehook=\toks16
\inpenc@posthook=\toks17
) (/usr/share/texlive/texmf-dist/tex/latex/base/fontenc.sty
Package: fontenc 2018/08/11 v2.0j Standard LaTeX package
 (/usr/share/texlive/texmf-dist/tex/latex/base/t1enc.def
File: t1enc.def 2018/08/11 v2.0j Standard LaTeX file
LaTeX Font Info:    Redeclaring font encoding T1 on input line 48.
))
No file CadernoHARD.aux.
\openout1 = `CadernoHARD.aux'.

LaTeX Font Info:    Checking defaults for OML/cmm/m/it on input line 8.
LaTeX Font Info:    ... okay on input line 8.
LaTeX Font Info:    Checking defaults for T1/cmr/m/n on input line 8.
LaTeX Font Info:    ... okay on input line 8.
LaTeX Font Info:    Checking defaults for OT1/cmr/m/n on input line 8.
LaTeX Font Info:    ... okay on input line 8.
LaTeX Font Info:    Checking defaults for OMS/cmsy/m/n on input line 8.
LaTeX Font Info:    ... okay on input line 8.
LaTeX Font Info:    Checking defaults for OMX/cmex/m/n on input line 8.
LaTeX Font Info:    ... okay on input line 8.
LaTeX Font Info:    Checking defaults for U/cmr/m/n on input line 8.
LaTeX Font Info:    ... okay on input line 8.
*geometry* driver: auto-detecting
*geometry* detected driver: pdftex
*geometry* verbose mode - [ preamble ] result:
* driver: pdftex
* paper: a4paper
* layout: <same size as paper>
* layoutoffset:(h,v)=(0.0pt,0.0pt)
* modes: 
* h-part:(L,W,R)=(72.26999pt, 452.9679pt, 72.26999pt)
* v-part:(T,H,B)=(72.26999pt, 700.50687pt, 72.26999pt)
* \paperwidth=597.50787pt
* \paperheight=845.04684pt
* \textwidth=452.9679pt
* \textheight=700.50687pt
* \oddsidemargin=0.0pt
* \evensidemargin=0.0pt
* \topmargin=-37.0pt
* \headheight=12.0pt
* \headsep=25.0pt
* \topskip=12.0pt
* \footskip=30.0pt
* \marginparwidth=44.0pt
* \marginparsep=10.0pt
* \columnsep=10.0pt
* \skip\footins=10.8pt plus 4.0pt minus 2.0pt
* \hoffset=0.0pt
* \voffset=0.0pt
* \mag=1000
* \@twocolumnfalse
* \@twosidefalse
* \@mparswitchfalse
* \@reversemarginfalse
* (1in=72.27pt=25.4mm, 1cm=28.453pt)

LaTeX Font Info:    External font `cmex10' loaded for size
(Font)              <14.4> on input line 14.
LaTeX Font Info:    External font `cmex10' loaded for size
(Font)              <7> on input line 14.
LaTeX Font Info:    External font `cmex10' loaded for size
(Font)              <12> on input line 24.
LaTeX Font Info:    External font `cmex10' loaded for size
(Font)              <8> on input line 24.
LaTeX Font Info:    External font `cmex10' loaded for size
(Font)              <6> on input line 24.

Underfull \hbox (badness 10000) in paragraph at lines 20--26

 []


Underfull \hbox (badness 10000) in paragraph at lines 38--50

 []


Underfull \hbox (badness 10000) in paragraph at lines 38--50

 []

[1

{/var/lib/texmf/fonts/map/pdftex/updmap/pdftex.map}]
Overfull \hbox (41.24731pt too wide) in paragraph at lines 52--56
\T1/cmr/m/n/12 Inicialmente as ISAs tinham poucas instruções básicas, dificultando o trabalho dos programadores,
 []


Overfull \hbox (4.10103pt too wide) in paragraph at lines 52--56
\T1/cmr/m/n/12 então foram implementadas instruções mais complexas, assim surgiram os \T1/cmr/bx/n/12 CISC \T1/cmr/m/n/12 (Complex
 []

LaTeX Font Info:    Try loading font information for T1+cmtt on input line 75.
(/usr/share/texlive/texmf-dist/tex/latex/base/t1cmtt.fd
File: t1cmtt.fd 2014/09/29 v2.5h Standard LaTeX font definitions
)
Underfull \hbox (badness 10000) in paragraph at lines 59--91

 []


Underfull \hbox (badness 10000) in paragraph at lines 59--91

 []


Underfull \hbox (badness 10000) in paragraph at lines 59--91

 []


Underfull \hbox (badness 10000) in paragraph at lines 59--91

 []


Underfull \hbox (badness 10000) in paragraph at lines 59--91

 []


Underfull \hbox (badness 10000) in paragraph at lines 59--91

 []


Underfull \hbox (badness 10000) in paragraph at lines 59--91

 []


Underfull \hbox (badness 10000) in paragraph at lines 59--91

 []


Underfull \hbox (badness 10000) in paragraph at lines 59--91

 []


Underfull \hbox (badness 10000) in paragraph at lines 59--91

 []


Underfull \hbox (badness 10000) in paragraph at lines 59--91

 []


Underfull \hbox (badness 10000) in paragraph at lines 59--91

 []


Underfull \hbox (badness 10000) in paragraph at lines 59--91

 []

[2]
Overfull \hbox (4.05664pt too wide) in paragraph at lines 99--118
\T1/cmr/m/n/12 Num programa, quando quero desviar o fluxo, geralmente são chamadas funções e métodos,
 []


Overfull \hbox (11.20494pt too wide) in paragraph at lines 99--118
\T1/cmr/m/n/12 Ela faz com que o programa execute todas as intruções na subrotina, e então necessariamente
 []


Underfull \hbox (badness 10000) in paragraph at lines 99--118

 []


Underfull \hbox (badness 10000) in paragraph at lines 99--118

 []


Underfull \hbox (badness 10000) in paragraph at lines 99--118

 []


Underfull \hbox (badness 10000) in paragraph at lines 99--118

 []


Overfull \hbox (0.31735pt too wide) in paragraph at lines 99--118
\T1/cmr/m/n/12 Para implementarmos uma \T1/cmr/bx/n/12 pilha\T1/cmr/m/n/12 , usamos um endereço []\T1/cmtt/m/n/12 $sp \T1/cmr/m/n/12 (\T1/cmr/bx/n/12 S\T1/cmr/m/n/12 tack \T1/cmr/bx/n/12 P\T1/cmr/m/n/12 ointer), esse endereço
 []

[3]
No file CadernoHARD.bbl.
[4] (./CadernoHARD.aux) ) 
Here is how much of TeX's memory you used:
 1556 strings out of 494561
 20223 string characters out of 6177455
 92977 words of memory out of 5000000
 5237 multiletter control sequences out of 15000+600000
 14450 words of font info for 36 fonts, out of 8000000 for 9000
 14 hyphenation exceptions out of 8191
 24i,6n,32p,453b,187s stack positions out of 5000i,500n,10000p,200000b,80000s
 </home/marconi/.texlive2018/texmf-var/fonts/pk/ljfour/jknappen/ec/ectt1200.600pk> </home/marconi/.texlive2018/texmf-var/fonts/pk/ljfour/jknappen/ec/ecti1200.600pk> </home/marconi/.texlive2018/texmf-var/fonts/pk/ljfour/jknappen/ec/ecrm0800.600pk> </home/marconi/.texlive2018/texmf-var/fonts/pk/ljfour/jknappen/ec/ecbx1200.600pk> </home/marconi/.texlive2018/texmf-var/fonts/pk/ljfour/jknappen/ec/ecbx1440.600pk> </home/marconi/.texlive2018/texmf-var/fonts/pk/ljfour/jknappen/ec/ecrm1200.600pk> </home/marconi/.texlive2018/texmf-var/fonts/pk/ljfour/jknappen/ec/ecbx1728.600pk> </home/marconi/.texlive2018/texmf-var/fonts/pk/ljfour/jknappen/ec/ecrm1440.600pk> </home/marconi/.texlive2018/texmf-var/fonts/pk/ljfour/jknappen/ec/ecrm2074.600pk></usr/share/texlive/texmf-dist/fonts/type1/public/amsfonts/cm/cmsy10.pfb>
Output written on CadernoHARD.pdf (4 pages, 113137 bytes).
PDF statistics:
 365 PDF objects out of 1000 (max. 8388607)
 49 compressed objects within 1 object stream
 0 named destinations out of 1000 (max. 500000)
 1 words of extra memory for PDF output out of 10000 (max. 10000000)

